<?xml version="1.0" encoding="UTF-8"?>
<coverage generated="1781047366157" clover="3.2.0">
  <project timestamp="1781047366157" name="All files">
    <metrics statements="121" coveredstatements="108" conditionals="57" coveredconditionals="48" methods="20" coveredmethods="20" elements="198" coveredelements="176" complexity="0" loc="121" ncloc="121" packages="1" files="1" classes="1"/>
    <file name="app.js" path="/home/joao-pedro/UFMG/26_1/EDS/TP/tira-time/api/src/app.js">
      <metrics statements="121" coveredstatements="108" conditionals="57" coveredconditionals="48" methods="20" coveredmethods="20"/>
      <line num="7" count="3" type="stmt"/>
      <line num="9" count="3" type="stmt"/>
      <line num="10" count="3" type="stmt"/>
      <line num="12" count="3" type="stmt"/>
      <line num="13" count="3" type="stmt"/>
      <line num="15" count="3" type="stmt"/>
      <line num="17" count="3" type="stmt"/>
      <line num="18" count="2" type="stmt"/>
      <line num="20" count="2" type="cond" truecount="4" falsecount="0"/>
      <line num="21" count="1" type="stmt"/>
      <line num="24" count="1" type="stmt"/>
      <line num="26" count="1" type="stmt"/>
      <line num="27" count="1" type="stmt"/>
      <line num="29" count="1" type="stmt"/>
      <line num="31" count="1" type="stmt"/>
      <line num="32" count="1" type="stmt"/>
      <line num="33" count="1" type="stmt"/>
      <line num="35" count="1" type="stmt"/>
      <line num="36" count="1" type="stmt"/>
      <line num="38" count="1" type="stmt"/>
      <line num="39" count="1" type="stmt"/>
      <line num="40" count="1" type="stmt"/>
      <line num="42" count="1" type="stmt"/>
      <line num="43" count="1" type="stmt"/>
      <line num="44" count="1" type="stmt"/>
      <line num="46" count="1" type="stmt"/>
      <line num="47" count="1" type="cond" truecount="1" falsecount="1"/>
      <line num="50" count="1" type="stmt"/>
      <line num="53" count="1" type="cond" truecount="1" falsecount="1"/>
      <line num="54" count="1" type="stmt"/>
      <line num="57" count="1" type="stmt"/>
      <line num="60" count="1" type="stmt"/>
      <line num="64" count="3" type="stmt"/>
      <line num="65" count="5" type="stmt"/>
      <line num="67" count="5" type="cond" truecount="4" falsecount="0"/>
      <line num="68" count="1" type="stmt"/>
      <line num="70" count="4" type="cond" truecount="4" falsecount="0"/>
      <line num="71" count="1" type="stmt"/>
      <line num="74" count="3" type="stmt"/>
      <line num="75" count="3" type="stmt"/>
      <line num="81" count="9" type="stmt"/>
      <line num="82" count="9" type="stmt"/>
      <line num="84" count="3" type="cond" truecount="2" falsecount="0"/>
      <line num="85" count="1" type="stmt"/>
      <line num="90" count="2" type="cond" truecount="2" falsecount="0"/>
      <line num="91" count="4" type="stmt"/>
      <line num="93" count="1" type="stmt"/>
      <line num="94" count="1" type="stmt"/>
      <line num="96" count="1" type="stmt"/>
      <line num="101" count="1" type="stmt"/>
      <line num="104" count="2" type="stmt"/>
      <line num="106" count="2" type="stmt"/>
      <line num="108" count="2" type="stmt"/>
      <line num="109" count="4" type="stmt"/>
      <line num="110" count="4" type="stmt"/>
      <line num="117" count="2" type="stmt"/>
      <line num="118" count="3" type="stmt"/>
      <line num="119" count="3" type="stmt"/>
      <line num="121" count="3" type="stmt"/>
      <line num="122" count="3" type="stmt"/>
      <line num="125" count="2" type="stmt"/>
      <line num="126" count="4" type="stmt"/>
      <line num="127" count="3" type="cond" truecount="1" falsecount="1"/>
      <line num="128" count="3" type="cond" truecount="1" falsecount="1"/>
      <line num="129" count="0" type="stmt"/>
      <line num="133" count="2" type="stmt"/>
      <line num="136" count="0" type="stmt"/>
      <line num="137" count="0" type="stmt"/>
      <line num="142" count="3" type="stmt"/>
      <line num="143" count="4" type="stmt"/>
      <line num="145" count="4" type="cond" truecount="4" falsecount="0"/>
      <line num="146" count="1" type="stmt"/>
      <line num="151" count="3" type="cond" truecount="5" falsecount="0"/>
      <line num="152" count="1" type="stmt"/>
      <line num="155" count="2" type="cond" truecount="2" falsecount="0"/>
      <line num="156" count="1" type="stmt"/>
      <line num="159" count="1" type="stmt"/>
      <line num="160" count="1" type="stmt"/>
      <line num="163" count="1" type="stmt"/>
      <line num="165" count="0" type="stmt"/>
      <line num="166" count="0" type="stmt"/>
      <line num="170" count="3" type="stmt"/>
      <line num="171" count="1" type="stmt"/>
      <line num="172" count="1" type="stmt"/>
      <line num="175" count="1" type="stmt"/>
      <line num="177" count="0" type="stmt"/>
      <line num="178" count="0" type="stmt"/>
      <line num="182" count="3" type="stmt"/>
      <line num="183" count="2" type="stmt"/>
      <line num="184" count="2" type="stmt"/>
      <line num="185" count="2" type="stmt"/>
      <line num="188" count="2" type="cond" truecount="2" falsecount="0"/>
      <line num="189" count="1" type="stmt"/>
      <line num="191" count="1" type="stmt"/>
      <line num="193" count="0" type="stmt"/>
      <line num="197" count="3" type="stmt"/>
      <line num="198" count="3" type="stmt"/>
      <line num="199" count="3" type="stmt"/>
      <line num="200" count="3" type="stmt"/>
      <line num="202" count="3" type="cond" truecount="4" falsecount="1"/>
      <line num="203" count="0" type="stmt"/>
      <line num="207" count="3" type="cond" truecount="2" falsecount="0"/>
      <line num="208" count="1" type="stmt"/>
      <line num="212" count="2" type="cond" truecount="4" falsecount="1"/>
      <line num="213" count="0" type="stmt"/>
      <line num="217" count="2" type="cond" truecount="1" falsecount="1"/>
      <line num="218" count="0" type="stmt"/>
      <line num="223" count="2" type="stmt"/>
      <line num="227" count="1" type="stmt"/>
      <line num="229" count="1" type="cond" truecount="1" falsecount="1"/>
      <line num="230" count="1" type="stmt"/>
      <line num="232" count="0" type="stmt"/>
      <line num="236" count="3" type="stmt"/>
      <line num="237" count="2" type="stmt"/>
      <line num="238" count="2" type="stmt"/>
      <line num="239" count="2" type="stmt"/>
      <line num="242" count="1" type="stmt"/>
      <line num="244" count="1" type="cond" truecount="1" falsecount="1"/>
      <line num="245" count="1" type="stmt"/>
      <line num="247" count="0" type="stmt"/>
      <line num="254" count="3" type="cond" truecount="2" falsecount="0"/>
    </file>
  </project>
</coverage>
