{"/home/joao-pedro/UFMG/26_1/EDS/TP/tira-time/api/src/app.js": {"path":"/home/joao-pedro/UFMG/26_1/EDS/TP/tira-time/api/src/app.js","statementMap":{"0":{"start":{"line":7,"column":25},"end":{"line":7,"column":null}},"1":{"start":{"line":9,"column":6},"end":{"line":9,"column":null}},"2":{"start":{"line":10,"column":15},"end":{"line":10,"column":null}},"3":{"start":{"line":12,"column":0},"end":{"line":12,"column":null}},"4":{"start":{"line":13,"column":0},"end":{"line":13,"column":null}},"5":{"start":{"line":15,"column":25},"end":{"line":15,"column":null}},"6":{"start":{"line":17,"column":0},"end":{"line":61,"column":null}},"7":{"start":{"line":18,"column":31},"end":{"line":18,"column":null}},"8":{"start":{"line":20,"column":2},"end":{"line":22,"column":null}},"9":{"start":{"line":21,"column":4},"end":{"line":21,"column":null}},"10":{"start":{"line":24,"column":14},"end":{"line":24,"column":null}},"11":{"start":{"line":26,"column":2},"end":{"line":26,"column":null}},"12":{"start":{"line":27,"column":2},"end":{"line":27,"column":null}},"13":{"start":{"line":29,"column":2},"end":{"line":29,"column":null}},"14":{"start":{"line":31,"column":2},"end":{"line":31,"column":null}},"15":{"start":{"line":32,"column":2},"end":{"line":32,"column":null}},"16":{"start":{"line":33,"column":2},"end":{"line":33,"column":null}},"17":{"start":{"line":35,"column":20},"end":{"line":35,"column":null}},"18":{"start":{"line":36,"column":25},"end":{"line":36,"column":null}},"19":{"start":{"line":38,"column":2},"end":{"line":58,"column":null}},"20":{"start":{"line":39,"column":22},"end":{"line":39,"column":null}},"21":{"start":{"line":40,"column":21},"end":{"line":40,"column":null}},"22":{"start":{"line":42,"column":4},"end":{"line":42,"column":null}},"23":{"start":{"line":43,"column":4},"end":{"line":43,"column":null}},"24":{"start":{"line":44,"column":4},"end":{"line":44,"column":null}},"25":{"start":{"line":46,"column":4},"end":{"line":55,"column":null}},"26":{"start":{"line":47,"column":6},"end":{"line":47,"column":null}},"27":{"start":{"line":50,"column":26},"end":{"line":50,"column":null}},"28":{"start":{"line":53,"column":28},"end":{"line":53,"column":null}},"29":{"start":{"line":54,"column":6},"end":{"line":54,"column":null}},"30":{"start":{"line":57,"column":4},"end":{"line":57,"column":null}},"31":{"start":{"line":60,"column":2},"end":{"line":60,"column":null}},"32":{"start":{"line":64,"column":0},"end":{"line":139,"column":null}},"33":{"start":{"line":65,"column":36},"end":{"line":65,"column":null}},"34":{"start":{"line":67,"column":2},"end":{"line":69,"column":null}},"35":{"start":{"line":68,"column":4},"end":{"line":68,"column":null}},"36":{"start":{"line":70,"column":2},"end":{"line":72,"column":null}},"37":{"start":{"line":71,"column":4},"end":{"line":71,"column":null}},"38":{"start":{"line":74,"column":2},"end":{"line":138,"column":null}},"39":{"start":{"line":75,"column":20},"end":{"line":79,"column":null}},"40":{"start":{"line":81,"column":22},"end":{"line":81,"column":null}},"41":{"start":{"line":81,"column":42},"end":{"line":81,"column":69}},"42":{"start":{"line":82,"column":25},"end":{"line":82,"column":null}},"43":{"start":{"line":82,"column":45},"end":{"line":82,"column":73}},"44":{"start":{"line":84,"column":4},"end":{"line":88,"column":null}},"45":{"start":{"line":85,"column":6},"end":{"line":87,"column":null}},"46":{"start":{"line":90,"column":4},"end":{"line":102,"column":null}},"47":{"start":{"line":91,"column":6},"end":{"line":91,"column":null}},"48":{"start":{"line":91,"column":33},"end":{"line":91,"column":54}},"49":{"start":{"line":93,"column":41},"end":{"line":93,"column":null}},"50":{"start":{"line":94,"column":38},"end":{"line":94,"column":null}},"51":{"start":{"line":96,"column":49},"end":{"line":99,"column":null}},"52":{"start":{"line":96,"column":88},"end":{"line":99,"column":8}},"53":{"start":{"line":101,"column":6},"end":{"line":101,"column":null}},"54":{"start":{"line":104,"column":4},"end":{"line":104,"column":null}},"55":{"start":{"line":104,"column":32},"end":{"line":104,"column":53}},"56":{"start":{"line":106,"column":4},"end":{"line":106,"column":null}},"57":{"start":{"line":106,"column":27},"end":{"line":106,"column":46}},"58":{"start":{"line":108,"column":18},"end":{"line":115,"column":null}},"59":{"start":{"line":109,"column":25},"end":{"line":109,"column":null}},"60":{"start":{"line":110,"column":6},"end":{"line":114,"column":null}},"61":{"start":{"line":117,"column":4},"end":{"line":123,"column":null}},"62":{"start":{"line":118,"column":6},"end":{"line":118,"column":null}},"63":{"start":{"line":118,"column":27},"end":{"line":118,"column":58}},"64":{"start":{"line":119,"column":25},"end":{"line":119,"column":null}},"65":{"start":{"line":121,"column":6},"end":{"line":121,"column":null}},"66":{"start":{"line":122,"column":6},"end":{"line":122,"column":null}},"67":{"start":{"line":125,"column":4},"end":{"line":131,"column":null}},"68":{"start":{"line":126,"column":6},"end":{"line":130,"column":null}},"69":{"start":{"line":127,"column":8},"end":{"line":127,"column":null}},"70":{"start":{"line":127,"column":41},"end":{"line":127,"column":null}},"71":{"start":{"line":128,"column":8},"end":{"line":128,"column":null}},"72":{"start":{"line":128,"column":41},"end":{"line":128,"column":null}},"73":{"start":{"line":129,"column":8},"end":{"line":129,"column":null}},"74":{"start":{"line":133,"column":4},"end":{"line":133,"column":null}},"75":{"start":{"line":136,"column":4},"end":{"line":136,"column":null}},"76":{"start":{"line":137,"column":4},"end":{"line":137,"column":null}},"77":{"start":{"line":142,"column":0},"end":{"line":168,"column":null}},"78":{"start":{"line":143,"column":38},"end":{"line":143,"column":null}},"79":{"start":{"line":145,"column":2},"end":{"line":149,"column":null}},"80":{"start":{"line":146,"column":4},"end":{"line":148,"column":null}},"81":{"start":{"line":151,"column":2},"end":{"line":153,"column":null}},"82":{"start":{"line":152,"column":4},"end":{"line":152,"column":null}},"83":{"start":{"line":155,"column":2},"end":{"line":157,"column":null}},"84":{"start":{"line":156,"column":4},"end":{"line":156,"column":null}},"85":{"start":{"line":159,"column":2},"end":{"line":167,"column":null}},"86":{"start":{"line":160,"column":22},"end":{"line":162,"column":null}},"87":{"start":{"line":163,"column":4},"end":{"line":163,"column":null}},"88":{"start":{"line":165,"column":4},"end":{"line":165,"column":null}},"89":{"start":{"line":166,"column":4},"end":{"line":166,"column":null}},"90":{"start":{"line":170,"column":0},"end":{"line":180,"column":null}},"91":{"start":{"line":171,"column":2},"end":{"line":179,"column":null}},"92":{"start":{"line":172,"column":20},"end":{"line":174,"column":null}},"93":{"start":{"line":175,"column":4},"end":{"line":175,"column":null}},"94":{"start":{"line":177,"column":4},"end":{"line":177,"column":null}},"95":{"start":{"line":178,"column":4},"end":{"line":178,"column":null}},"96":{"start":{"line":182,"column":0},"end":{"line":195,"column":null}},"97":{"start":{"line":183,"column":2},"end":{"line":194,"column":null}},"98":{"start":{"line":184,"column":19},"end":{"line":184,"column":null}},"99":{"start":{"line":185,"column":19},"end":{"line":187,"column":null}},"100":{"start":{"line":188,"column":4},"end":{"line":190,"column":null}},"101":{"start":{"line":189,"column":6},"end":{"line":189,"column":null}},"102":{"start":{"line":191,"column":4},"end":{"line":191,"column":null}},"103":{"start":{"line":193,"column":4},"end":{"line":193,"column":null}},"104":{"start":{"line":197,"column":0},"end":{"line":234,"column":null}},"105":{"start":{"line":198,"column":2},"end":{"line":233,"column":null}},"106":{"start":{"line":199,"column":19},"end":{"line":199,"column":null}},"107":{"start":{"line":200,"column":40},"end":{"line":200,"column":null}},"108":{"start":{"line":202,"column":4},"end":{"line":206,"column":null}},"109":{"start":{"line":203,"column":6},"end":{"line":205,"column":null}},"110":{"start":{"line":207,"column":4},"end":{"line":211,"column":null}},"111":{"start":{"line":208,"column":6},"end":{"line":210,"column":null}},"112":{"start":{"line":212,"column":4},"end":{"line":216,"column":null}},"113":{"start":{"line":213,"column":6},"end":{"line":215,"column":null}},"114":{"start":{"line":217,"column":4},"end":{"line":221,"column":null}},"115":{"start":{"line":218,"column":6},"end":{"line":220,"column":null}},"116":{"start":{"line":223,"column":19},"end":{"line":226,"column":null}},"117":{"start":{"line":227,"column":4},"end":{"line":227,"column":null}},"118":{"start":{"line":229,"column":4},"end":{"line":231,"column":null}},"119":{"start":{"line":230,"column":8},"end":{"line":230,"column":null}},"120":{"start":{"line":232,"column":4},"end":{"line":232,"column":null}},"121":{"start":{"line":236,"column":0},"end":{"line":249,"column":null}},"122":{"start":{"line":237,"column":2},"end":{"line":248,"column":null}},"123":{"start":{"line":238,"column":19},"end":{"line":238,"column":null}},"124":{"start":{"line":239,"column":4},"end":{"line":241,"column":null}},"125":{"start":{"line":242,"column":4},"end":{"line":242,"column":null}},"126":{"start":{"line":244,"column":4},"end":{"line":246,"column":null}},"127":{"start":{"line":245,"column":8},"end":{"line":245,"column":null}},"128":{"start":{"line":247,"column":4},"end":{"line":247,"column":null}},"129":{"start":{"line":254,"column":13},"end":{"line":254,"column":null}}},"fnMap":{"0":{"name":"(anonymous_0)","decl":{"start":{"line":17,"column":9},"end":{"line":17,"column":27}},"loc":{"start":{"line":17,"column":40},"end":{"line":61,"column":1}},"line":17},"1":{"name":"(anonymous_1)","decl":{"start":{"line":38,"column":8},"end":{"line":38,"column":17}},"loc":{"start":{"line":38,"column":33},"end":{"line":58,"column":3}},"line":38},"2":{"name":"(anonymous_2)","decl":{"start":{"line":46,"column":17},"end":{"line":46,"column":25}},"loc":{"start":{"line":46,"column":35},"end":{"line":55,"column":5}},"line":46},"3":{"name":"(anonymous_3)","decl":{"start":{"line":64,"column":24},"end":{"line":64,"column":31}},"loc":{"start":{"line":64,"column":44},"end":{"line":139,"column":1}},"line":64},"4":{"name":"(anonymous_4)","decl":{"start":{"line":81,"column":30},"end":{"line":81,"column":37}},"loc":{"start":{"line":81,"column":42},"end":{"line":81,"column":69}},"line":81},"5":{"name":"(anonymous_5)","decl":{"start":{"line":82,"column":33},"end":{"line":82,"column":40}},"loc":{"start":{"line":82,"column":45},"end":{"line":82,"column":73}},"line":82},"6":{"name":"(anonymous_6)","decl":{"start":{"line":91,"column":18},"end":{"line":91,"column":24}},"loc":{"start":{"line":91,"column":33},"end":{"line":91,"column":54}},"line":91},"7":{"name":"(anonymous_7)","decl":{"start":{"line":96,"column":73},"end":{"line":96,"column":77}},"loc":{"start":{"line":96,"column":88},"end":{"line":99,"column":8}},"line":96},"8":{"name":"(anonymous_8)","decl":{"start":{"line":104,"column":17},"end":{"line":104,"column":23}},"loc":{"start":{"line":104,"column":32},"end":{"line":104,"column":53}},"line":104},"9":{"name":"(anonymous_9)","decl":{"start":{"line":106,"column":16},"end":{"line":106,"column":27}},"loc":{"start":{"line":106,"column":27},"end":{"line":106,"column":46}},"line":106},"10":{"name":"(anonymous_10)","decl":{"start":{"line":108,"column":50},"end":{"line":108,"column":54}},"loc":{"start":{"line":108,"column":63},"end":{"line":115,"column":5}},"line":108},"11":{"name":"(anonymous_11)","decl":{"start":{"line":117,"column":17},"end":{"line":117,"column":25}},"loc":{"start":{"line":117,"column":35},"end":{"line":123,"column":5}},"line":117},"12":{"name":"(anonymous_12)","decl":{"start":{"line":118,"column":12},"end":{"line":118,"column":18}},"loc":{"start":{"line":118,"column":27},"end":{"line":118,"column":58}},"line":118},"13":{"name":"(anonymous_13)","decl":{"start":{"line":125,"column":10},"end":{"line":125,"column":18}},"loc":{"start":{"line":125,"column":26},"end":{"line":131,"column":5}},"line":125},"14":{"name":"(anonymous_14)","decl":{"start":{"line":126,"column":19},"end":{"line":126,"column":25}},"loc":{"start":{"line":126,"column":34},"end":{"line":130,"column":7}},"line":126},"15":{"name":"(anonymous_15)","decl":{"start":{"line":142,"column":21},"end":{"line":142,"column":28}},"loc":{"start":{"line":142,"column":41},"end":{"line":168,"column":1}},"line":142},"16":{"name":"(anonymous_16)","decl":{"start":{"line":170,"column":20},"end":{"line":170,"column":27}},"loc":{"start":{"line":170,"column":40},"end":{"line":180,"column":1}},"line":170},"17":{"name":"(anonymous_17)","decl":{"start":{"line":182,"column":24},"end":{"line":182,"column":31}},"loc":{"start":{"line":182,"column":44},"end":{"line":195,"column":1}},"line":182},"18":{"name":"(anonymous_18)","decl":{"start":{"line":197,"column":24},"end":{"line":197,"column":31}},"loc":{"start":{"line":197,"column":44},"end":{"line":234,"column":1}},"line":197},"19":{"name":"(anonymous_19)","decl":{"start":{"line":236,"column":27},"end":{"line":236,"column":34}},"loc":{"start":{"line":236,"column":47},"end":{"line":249,"column":1}},"line":236}},"branchMap":{"0":{"loc":{"start":{"line":20,"column":2},"end":{"line":22,"column":null}},"type":"if","locations":[{"start":{"line":20,"column":2},"end":{"line":22,"column":null}},{"start":{},"end":{}}],"line":20},"1":{"loc":{"start":{"line":20,"column":6},"end":{"line":20,"column":28}},"type":"binary-expr","locations":[{"start":{"line":20,"column":6},"end":{"line":20,"column":16}},{"start":{"line":20,"column":16},"end":{"line":20,"column":28}}],"line":20},"2":{"loc":{"start":{"line":47,"column":28},"end":{"line":47,"column":93}},"type":"cond-expr","locations":[{"start":{"line":47,"column":63},"end":{"line":47,"column":82}},{"start":{"line":47,"column":82},"end":{"line":47,"column":93}}],"line":47},"3":{"loc":{"start":{"line":53,"column":28},"end":{"line":53,"column":null}},"type":"cond-expr","locations":[{"start":{"line":53,"column":63},"end":{"line":53,"column":78}},{"start":{"line":53,"column":78},"end":{"line":53,"column":null}}],"line":53},"4":{"loc":{"start":{"line":67,"column":2},"end":{"line":69,"column":null}},"type":"if","locations":[{"start":{"line":67,"column":2},"end":{"line":69,"column":null}},{"start":{},"end":{}}],"line":67},"5":{"loc":{"start":{"line":67,"column":6},"end":{"line":67,"column":44}},"type":"binary-expr","locations":[{"start":{"line":67,"column":6},"end":{"line":67,"column":20}},{"start":{"line":67,"column":20},"end":{"line":67,"column":44}}],"line":67},"6":{"loc":{"start":{"line":70,"column":2},"end":{"line":72,"column":null}},"type":"if","locations":[{"start":{"line":70,"column":2},"end":{"line":72,"column":null}},{"start":{},"end":{}}],"line":70},"7":{"loc":{"start":{"line":70,"column":6},"end":{"line":70,"column":37}},"type":"binary-expr","locations":[{"start":{"line":70,"column":6},"end":{"line":70,"column":21}},{"start":{"line":70,"column":21},"end":{"line":70,"column":37}}],"line":70},"8":{"loc":{"start":{"line":84,"column":4},"end":{"line":88,"column":null}},"type":"if","locations":[{"start":{"line":84,"column":4},"end":{"line":88,"column":null}},{"start":{},"end":{}}],"line":84},"9":{"loc":{"start":{"line":90,"column":4},"end":{"line":102,"column":null}},"type":"if","locations":[{"start":{"line":90,"column":4},"end":{"line":102,"column":null}},{"start":{},"end":{}}],"line":90},"10":{"loc":{"start":{"line":127,"column":8},"end":{"line":127,"column":null}},"type":"if","locations":[{"start":{"line":127,"column":8},"end":{"line":127,"column":null}},{"start":{},"end":{}}],"line":127},"11":{"loc":{"start":{"line":128,"column":8},"end":{"line":128,"column":null}},"type":"if","locations":[{"start":{"line":128,"column":8},"end":{"line":128,"column":null}},{"start":{},"end":{}}],"line":128},"12":{"loc":{"start":{"line":145,"column":2},"end":{"line":149,"column":null}},"type":"if","locations":[{"start":{"line":145,"column":2},"end":{"line":149,"column":null}},{"start":{},"end":{}}],"line":145},"13":{"loc":{"start":{"line":145,"column":6},"end":{"line":145,"column":39}},"type":"binary-expr","locations":[{"start":{"line":145,"column":6},"end":{"line":145,"column":15}},{"start":{"line":145,"column":15},"end":{"line":145,"column":39}}],"line":145},"14":{"loc":{"start":{"line":151,"column":2},"end":{"line":153,"column":null}},"type":"if","locations":[{"start":{"line":151,"column":2},"end":{"line":153,"column":null}},{"start":{},"end":{}}],"line":151},"15":{"loc":{"start":{"line":151,"column":6},"end":{"line":151,"column":65}},"type":"binary-expr","locations":[{"start":{"line":151,"column":6},"end":{"line":151,"column":37}},{"start":{"line":151,"column":37},"end":{"line":151,"column":52}},{"start":{"line":151,"column":52},"end":{"line":151,"column":65}}],"line":151},"16":{"loc":{"start":{"line":155,"column":2},"end":{"line":157,"column":null}},"type":"if","locations":[{"start":{"line":155,"column":2},"end":{"line":157,"column":null}},{"start":{},"end":{}}],"line":155},"17":{"loc":{"start":{"line":188,"column":4},"end":{"line":190,"column":null}},"type":"if","locations":[{"start":{"line":188,"column":4},"end":{"line":190,"column":null}},{"start":{},"end":{}}],"line":188},"18":{"loc":{"start":{"line":202,"column":4},"end":{"line":206,"column":null}},"type":"if","locations":[{"start":{"line":202,"column":4},"end":{"line":206,"column":null}},{"start":{},"end":{}}],"line":202},"19":{"loc":{"start":{"line":202,"column":8},"end":{"line":202,"column":79}},"type":"binary-expr","locations":[{"start":{"line":202,"column":8},"end":{"line":202,"column":30}},{"start":{"line":202,"column":30},"end":{"line":202,"column":55}},{"start":{"line":202,"column":55},"end":{"line":202,"column":79}}],"line":202},"20":{"loc":{"start":{"line":207,"column":4},"end":{"line":211,"column":null}},"type":"if","locations":[{"start":{"line":207,"column":4},"end":{"line":211,"column":null}},{"start":{},"end":{}}],"line":207},"21":{"loc":{"start":{"line":212,"column":4},"end":{"line":216,"column":null}},"type":"if","locations":[{"start":{"line":212,"column":4},"end":{"line":216,"column":null}},{"start":{},"end":{}}],"line":212},"22":{"loc":{"start":{"line":212,"column":8},"end":{"line":212,"column":67}},"type":"binary-expr","locations":[{"start":{"line":212,"column":8},"end":{"line":212,"column":39}},{"start":{"line":212,"column":39},"end":{"line":212,"column":54}},{"start":{"line":212,"column":54},"end":{"line":212,"column":67}}],"line":212},"23":{"loc":{"start":{"line":217,"column":4},"end":{"line":221,"column":null}},"type":"if","locations":[{"start":{"line":217,"column":4},"end":{"line":221,"column":null}},{"start":{},"end":{}}],"line":217},"24":{"loc":{"start":{"line":229,"column":4},"end":{"line":231,"column":null}},"type":"if","locations":[{"start":{"line":229,"column":4},"end":{"line":231,"column":null}},{"start":{},"end":{}}],"line":229},"25":{"loc":{"start":{"line":244,"column":4},"end":{"line":246,"column":null}},"type":"if","locations":[{"start":{"line":244,"column":4},"end":{"line":246,"column":null}},{"start":{},"end":{}}],"line":244},"26":{"loc":{"start":{"line":254,"column":13},"end":{"line":254,"column":null}},"type":"binary-expr","locations":[{"start":{"line":254,"column":13},"end":{"line":254,"column":33}},{"start":{"line":254,"column":33},"end":{"line":254,"column":null}}],"line":254}},"s":{"0":3,"1":3,"2":3,"3":3,"4":3,"5":3,"6":3,"7":2,"8":2,"9":1,"10":1,"11":1,"12":1,"13":1,"14":1,"15":1,"16":1,"17":1,"18":1,"19":1,"20":1,"21":1,"22":1,"23":1,"24":1,"25":1,"26":1,"27":1,"28":1,"29":1,"30":1,"31":1,"32":3,"33":5,"34":5,"35":1,"36":4,"37":1,"38":3,"39":3,"40":3,"41":9,"42":3,"43":9,"44":3,"45":1,"46":2,"47":1,"48":3,"49":1,"50":1,"51":1,"52":1,"53":1,"54":2,"55":1,"56":2,"57":2,"58":2,"59":4,"60":4,"61":2,"62":3,"63":3,"64":3,"65":3,"66":3,"67":2,"68":4,"69":3,"70":0,"71":3,"72":3,"73":0,"74":2,"75":0,"76":0,"77":3,"78":4,"79":4,"80":1,"81":3,"82":1,"83":2,"84":1,"85":1,"86":1,"87":1,"88":0,"89":0,"90":3,"91":1,"92":1,"93":1,"94":0,"95":0,"96":3,"97":2,"98":2,"99":2,"100":2,"101":1,"102":1,"103":0,"104":3,"105":3,"106":3,"107":3,"108":3,"109":0,"110":3,"111":1,"112":2,"113":0,"114":2,"115":0,"116":2,"117":1,"118":1,"119":1,"120":0,"121":3,"122":2,"123":2,"124":2,"125":1,"126":1,"127":1,"128":0,"129":3},"f":{"0":2,"1":1,"2":1,"3":5,"4":9,"5":9,"6":3,"7":1,"8":1,"9":2,"10":4,"11":3,"12":3,"13":4,"14":3,"15":4,"16":1,"17":2,"18":3,"19":2},"b":{"0":[1,1],"1":[2,1],"2":[1,0],"3":[1,0],"4":[1,4],"5":[5,5],"6":[1,3],"7":[4,4],"8":[1,2],"9":[1,1],"10":[0,3],"11":[3,0],"12":[1,3],"13":[4,4],"14":[1,2],"15":[3,3,3],"16":[1,1],"17":[1,1],"18":[0,3],"19":[3,3,3],"20":[1,2],"21":[0,2],"22":[2,2,2],"23":[0,2],"24":[1,0],"25":[1,0],"26":[3,3]},"meta":{"lastBranch":27,"lastFunction":20,"lastStatement":130,"seen":{"s:7:25:7:Infinity":0,"s:9:6:9:Infinity":1,"s:10:15:10:Infinity":2,"s:12:0:12:Infinity":3,"s:13:0:13:Infinity":4,"s:15:25:15:Infinity":5,"s:17:0:61:Infinity":6,"f:17:9:17:27":0,"s:18:31:18:Infinity":7,"b:20:2:22:Infinity:undefined:undefined:undefined:undefined":0,"s:20:2:22:Infinity":8,"b:20:6:20:16:20:16:20:28":1,"s:21:4:21:Infinity":9,"s:24:14:24:Infinity":10,"s:26:2:26:Infinity":11,"s:27:2:27:Infinity":12,"s:29:2:29:Infinity":13,"s:31:2:31:Infinity":14,"s:32:2:32:Infinity":15,"s:33:2:33:Infinity":16,"s:35:20:35:Infinity":17,"s:36:25:36:Infinity":18,"s:38:2:58:Infinity":19,"f:38:8:38:17":1,"s:39:22:39:Infinity":20,"s:40:21:40:Infinity":21,"s:42:4:42:Infinity":22,"s:43:4:43:Infinity":23,"s:44:4:44:Infinity":24,"s:46:4:55:Infinity":25,"f:46:17:46:25":2,"s:47:6:47:Infinity":26,"b:47:63:47:82:47:82:47:93":2,"s:50:26:50:Infinity":27,"s:53:28:53:Infinity":28,"b:53:63:53:78:53:78:53:Infinity":3,"s:54:6:54:Infinity":29,"s:57:4:57:Infinity":30,"s:60:2:60:Infinity":31,"s:64:0:139:Infinity":32,"f:64:24:64:31":3,"s:65:36:65:Infinity":33,"b:67:2:69:Infinity:undefined:undefined:undefined:undefined":4,"s:67:2:69:Infinity":34,"b:67:6:67:20:67:20:67:44":5,"s:68:4:68:Infinity":35,"b:70:2:72:Infinity:undefined:undefined:undefined:undefined":6,"s:70:2:72:Infinity":36,"b:70:6:70:21:70:21:70:37":7,"s:71:4:71:Infinity":37,"s:74:2:138:Infinity":38,"s:75:20:79:Infinity":39,"s:81:22:81:Infinity":40,"f:81:30:81:37":4,"s:81:42:81:69":41,"s:82:25:82:Infinity":42,"f:82:33:82:40":5,"s:82:45:82:73":43,"b:84:4:88:Infinity:undefined:undefined:undefined:undefined":8,"s:84:4:88:Infinity":44,"s:85:6:87:Infinity":45,"b:90:4:102:Infinity:undefined:undefined:undefined:undefined":9,"s:90:4:102:Infinity":46,"s:91:6:91:Infinity":47,"f:91:18:91:24":6,"s:91:33:91:54":48,"s:93:41:93:Infinity":49,"s:94:38:94:Infinity":50,"s:96:49:99:Infinity":51,"f:96:73:96:77":7,"s:96:88:99:8":52,"s:101:6:101:Infinity":53,"s:104:4:104:Infinity":54,"f:104:17:104:23":8,"s:104:32:104:53":55,"s:106:4:106:Infinity":56,"f:106:16:106:27":9,"s:106:27:106:46":57,"s:108:18:115:Infinity":58,"f:108:50:108:54":10,"s:109:25:109:Infinity":59,"s:110:6:114:Infinity":60,"s:117:4:123:Infinity":61,"f:117:17:117:25":11,"s:118:6:118:Infinity":62,"f:118:12:118:18":12,"s:118:27:118:58":63,"s:119:25:119:Infinity":64,"s:121:6:121:Infinity":65,"s:122:6:122:Infinity":66,"s:125:4:131:Infinity":67,"f:125:10:125:18":13,"s:126:6:130:Infinity":68,"f:126:19:126:25":14,"b:127:8:127:Infinity:undefined:undefined:undefined:undefined":10,"s:127:8:127:Infinity":69,"s:127:41:127:Infinity":70,"b:128:8:128:Infinity:undefined:undefined:undefined:undefined":11,"s:128:8:128:Infinity":71,"s:128:41:128:Infinity":72,"s:129:8:129:Infinity":73,"s:133:4:133:Infinity":74,"s:136:4:136:Infinity":75,"s:137:4:137:Infinity":76,"s:142:0:168:Infinity":77,"f:142:21:142:28":15,"s:143:38:143:Infinity":78,"b:145:2:149:Infinity:undefined:undefined:undefined:undefined":12,"s:145:2:149:Infinity":79,"b:145:6:145:15:145:15:145:39":13,"s:146:4:148:Infinity":80,"b:151:2:153:Infinity:undefined:undefined:undefined:undefined":14,"s:151:2:153:Infinity":81,"b:151:6:151:37:151:37:151:52:151:52:151:65":15,"s:152:4:152:Infinity":82,"b:155:2:157:Infinity:undefined:undefined:undefined:undefined":16,"s:155:2:157:Infinity":83,"s:156:4:156:Infinity":84,"s:159:2:167:Infinity":85,"s:160:22:162:Infinity":86,"s:163:4:163:Infinity":87,"s:165:4:165:Infinity":88,"s:166:4:166:Infinity":89,"s:170:0:180:Infinity":90,"f:170:20:170:27":16,"s:171:2:179:Infinity":91,"s:172:20:174:Infinity":92,"s:175:4:175:Infinity":93,"s:177:4:177:Infinity":94,"s:178:4:178:Infinity":95,"s:182:0:195:Infinity":96,"f:182:24:182:31":17,"s:183:2:194:Infinity":97,"s:184:19:184:Infinity":98,"s:185:19:187:Infinity":99,"b:188:4:190:Infinity:undefined:undefined:undefined:undefined":17,"s:188:4:190:Infinity":100,"s:189:6:189:Infinity":101,"s:191:4:191:Infinity":102,"s:193:4:193:Infinity":103,"s:197:0:234:Infinity":104,"f:197:24:197:31":18,"s:198:2:233:Infinity":105,"s:199:19:199:Infinity":106,"s:200:40:200:Infinity":107,"b:202:4:206:Infinity:undefined:undefined:undefined:undefined":18,"s:202:4:206:Infinity":108,"b:202:8:202:30:202:30:202:55:202:55:202:79":19,"s:203:6:205:Infinity":109,"b:207:4:211:Infinity:undefined:undefined:undefined:undefined":20,"s:207:4:211:Infinity":110,"s:208:6:210:Infinity":111,"b:212:4:216:Infinity:undefined:undefined:undefined:undefined":21,"s:212:4:216:Infinity":112,"b:212:8:212:39:212:39:212:54:212:54:212:67":22,"s:213:6:215:Infinity":113,"b:217:4:221:Infinity:undefined:undefined:undefined:undefined":23,"s:217:4:221:Infinity":114,"s:218:6:220:Infinity":115,"s:223:19:226:Infinity":116,"s:227:4:227:Infinity":117,"b:229:4:231:Infinity:undefined:undefined:undefined:undefined":24,"s:229:4:231:Infinity":118,"s:230:8:230:Infinity":119,"s:232:4:232:Infinity":120,"s:236:0:249:Infinity":121,"f:236:27:236:34":19,"s:237:2:248:Infinity":122,"s:238:19:238:Infinity":123,"s:239:4:241:Infinity":124,"s:242:4:242:Infinity":125,"b:244:4:246:Infinity:undefined:undefined:undefined:undefined":25,"s:244:4:246:Infinity":126,"s:245:8:245:Infinity":127,"s:247:4:247:Infinity":128,"s:254:13:254:Infinity":129,"b:254:13:254:33:254:33:254:Infinity":26}}}
}
