TN:
SF:src/app.js
FN:14,(anonymous_0)
FN:35,(anonymous_1)
FN:43,(anonymous_2)
FN:61,(anonymous_3)
FN:78,(anonymous_4)
FN:79,(anonymous_5)
FN:88,(anonymous_6)
FN:93,(anonymous_7)
FN:101,(anonymous_8)
FN:103,(anonymous_9)
FN:105,(anonymous_10)
FN:114,(anonymous_11)
FN:115,(anonymous_12)
FN:122,(anonymous_13)
FN:123,(anonymous_14)
FN:139,(anonymous_15)
FN:167,(anonymous_16)
FN:179,(anonymous_17)
FN:194,(anonymous_18)
FN:233,(anonymous_19)
FNF:20
FNH:20
FNDA:4,(anonymous_0)
FNDA:2,(anonymous_1)
FNDA:2,(anonymous_2)
FNDA:8,(anonymous_3)
FNDA:15,(anonymous_4)
FNDA:15,(anonymous_5)
FNDA:2,(anonymous_6)
FNDA:1,(anonymous_7)
FNDA:2,(anonymous_8)
FNDA:3,(anonymous_9)
FNDA:6,(anonymous_10)
FNDA:5,(anonymous_11)
FNDA:5,(anonymous_12)
FNDA:6,(anonymous_13)
FNDA:5,(anonymous_14)
FNDA:6,(anonymous_15)
FNDA:2,(anonymous_16)
FNDA:3,(anonymous_17)
FNDA:6,(anonymous_18)
FNDA:4,(anonymous_19)
DA:7,6
DA:9,6
DA:10,6
DA:12,6
DA:14,6
DA:15,4
DA:17,4
DA:18,2
DA:21,2
DA:23,2
DA:24,2
DA:26,2
DA:28,2
DA:29,2
DA:30,2
DA:32,2
DA:33,2
DA:35,2
DA:36,2
DA:37,2
DA:39,2
DA:40,2
DA:41,2
DA:43,2
DA:44,2
DA:47,2
DA:50,2
DA:51,2
DA:54,2
DA:57,2
DA:61,6
DA:62,8
DA:64,8
DA:65,2
DA:67,6
DA:68,1
DA:71,5
DA:72,5
DA:78,15
DA:79,15
DA:81,5
DA:82,2
DA:87,3
DA:88,2
DA:90,1
DA:91,1
DA:93,1
DA:98,1
DA:101,3
DA:103,3
DA:105,3
DA:106,6
DA:107,6
DA:114,3
DA:115,5
DA:116,5
DA:118,5
DA:119,5
DA:122,3
DA:123,6
DA:124,5
DA:125,5
DA:126,0
DA:130,3
DA:133,0
DA:134,0
DA:139,6
DA:140,6
DA:142,6
DA:143,2
DA:148,4
DA:149,1
DA:152,3
DA:153,1
DA:156,2
DA:157,2
DA:160,2
DA:162,0
DA:163,0
DA:167,6
DA:168,2
DA:169,2
DA:172,2
DA:174,0
DA:175,0
DA:179,6
DA:180,3
DA:181,3
DA:182,3
DA:185,3
DA:186,2
DA:188,1
DA:190,0
DA:194,6
DA:195,6
DA:196,6
DA:197,6
DA:199,6
DA:200,1
DA:204,5
DA:205,1
DA:209,4
DA:210,0
DA:214,4
DA:215,0
DA:220,4
DA:224,2
DA:226,2
DA:227,2
DA:229,0
DA:233,6
DA:234,4
DA:235,4
DA:236,4
DA:239,2
DA:241,2
DA:242,2
DA:244,0
DA:251,6
LF:119
LH:107
BRDA:17,0,0,2
BRDA:17,0,1,2
BRDA:17,1,0,4
BRDA:17,1,1,2
BRDA:44,2,0,1
BRDA:44,2,1,1
BRDA:50,3,0,1
BRDA:50,3,1,1
BRDA:64,4,0,2
BRDA:64,4,1,6
BRDA:64,5,0,8
BRDA:64,5,1,7
BRDA:67,6,0,1
BRDA:67,6,1,5
BRDA:67,7,0,6
BRDA:67,7,1,6
BRDA:81,8,0,2
BRDA:81,8,1,3
BRDA:87,9,0,1
BRDA:87,9,1,2
BRDA:124,10,0,0
BRDA:124,10,1,5
BRDA:125,11,0,5
BRDA:125,11,1,0
BRDA:142,12,0,2
BRDA:142,12,1,4
BRDA:142,13,0,6
BRDA:142,13,1,6
BRDA:148,14,0,1
BRDA:148,14,1,3
BRDA:148,15,0,4
BRDA:148,15,1,4
BRDA:148,15,2,4
BRDA:152,16,0,1
BRDA:152,16,1,2
BRDA:185,17,0,2
BRDA:185,17,1,1
BRDA:199,18,0,1
BRDA:199,18,1,5
BRDA:199,19,0,6
BRDA:199,19,1,6
BRDA:199,19,2,5
BRDA:204,20,0,1
BRDA:204,20,1,4
BRDA:209,21,0,0
BRDA:209,21,1,4
BRDA:209,22,0,4
BRDA:209,22,1,4
BRDA:209,22,2,4
BRDA:214,23,0,0
BRDA:214,23,1,4
BRDA:226,24,0,2
BRDA:226,24,1,0
BRDA:241,25,0,2
BRDA:241,25,1,0
BRDA:251,26,0,6
BRDA:251,26,1,6
BRF:57
BRH:51
end_of_record
TN:
SF:src/prismaClient.js
FNF:0
FNH:0
DA:2,4
DA:4,4
LF:2
LH:2
BRF:0
BRH:0
end_of_record
